android_kiosk/app/build/intermediates/manifest_merge_blame_file/debug/manifest-merger-blame-debug-report.txt
1<?xml version="1.0" encoding="utf-8"?>
2<manifest xmlns:android="http://schemas.android.com/apk/res/android"
3    package="com.skyprotect.tabletlock"
4    android:versionCode="3"
5    android:versionName="1.2" >
6
7    <uses-sdk
8        android:minSdkVersion="21"
9        android:targetSdkVersion="34" />
10
11    <uses-permission android:name="android.permission.INTERNET" />
11-->src\main\AndroidManifest.xml:4:5-67
11-->src\main\AndroidManifest.xml:4:22-64
12    <uses-permission android:name="android.permission.RECEIVE_BOOT_COMPLETED" />
12-->src\main\AndroidManifest.xml:5:5-81
12-->src\main\AndroidManifest.xml:5:22-78
13    <uses-permission android:name="android.permission.SYSTEM_ALERT_WINDOW" />
13-->src\main\AndroidManifest.xml:6:5-78
13-->src\main\AndroidManifest.xml:6:22-75
14    <uses-permission android:name="android.permission.FOREGROUND_SERVICE" />
14-->src\main\AndroidManifest.xml:7:5-77
14-->src\main\AndroidManifest.xml:7:22-74
15    <uses-permission android:name="android.permission.FOREGROUND_SERVICE_DATA_SYNC" />
15-->src\main\AndroidManifest.xml:8:5-87
15-->src\main\AndroidManifest.xml:8:22-84
16
17    <permission
17-->[androidx.core:core:1.9.0] AndroidManifest.xml:22:5-24:47
18        android:name="com.skyprotect.tabletlock.DYNAMIC_RECEIVER_NOT_EXPORTED_PERMISSION"
18-->[androidx.core:core:1.9.0] AndroidManifest.xml:23:9-81
19        android:protectionLevel="signature" />
19-->[androidx.core:core:1.9.0] AndroidManifest.xml:24:9-44
20
21    <uses-permission android:name="com.skyprotect.tabletlock.DYNAMIC_RECEIVER_NOT_EXPORTED_PERMISSION" />
21-->[androidx.core:core:1.9.0] AndroidManifest.xml:26:5-97
21-->[androidx.core:core:1.9.0] AndroidManifest.xml:26:22-94
22
23    <application
23-->src\main\AndroidManifest.xml:10:5-59:19
24        android:allowBackup="true"
24-->src\main\AndroidManifest.xml:11:9-35
25        android:appComponentFactory="androidx.core.app.CoreComponentFactory"
25-->[androidx.core:core:1.9.0] AndroidManifest.xml:28:18-86
26        android:debuggable="true"
27        android:extractNativeLibs="true"
28        android:icon="@android:drawable/sym_def_app_icon"
28-->src\main\AndroidManifest.xml:12:9-58
29        android:label="Tablet Lock"
29-->src\main\AndroidManifest.xml:13:9-36
30        android:supportsRtl="true"
30-->src\main\AndroidManifest.xml:14:9-35
31        android:theme="@style/Theme.AppCompat.Light.NoActionBar" >
31-->src\main\AndroidManifest.xml:15:9-65
32        <activity
32-->src\main\AndroidManifest.xml:17:9-29:20
33            android:name="com.skyprotect.tabletlock.MainActivity"
33-->src\main\AndroidManifest.xml:18:13-41
34            android:excludeFromRecents="true"
34-->src\main\AndroidManifest.xml:22:13-46
35            android:exported="true"
35-->src\main\AndroidManifest.xml:19:13-36
36            android:launchMode="singleInstance"
36-->src\main\AndroidManifest.xml:20:13-48
37            android:stateNotNeeded="true" >
37-->src\main\AndroidManifest.xml:21:13-42
38            <intent-filter>
38-->src\main\AndroidManifest.xml:23:13-28:29
39                <action android:name="android.intent.action.MAIN" />
39-->src\main\AndroidManifest.xml:24:17-69
39-->src\main\AndroidManifest.xml:24:25-66
40
41                <category android:name="android.intent.category.LAUNCHER" />
41-->src\main\AndroidManifest.xml:25:17-77
41-->src\main\AndroidManifest.xml:25:27-74
42                <category android:name="android.intent.category.HOME" />
42-->src\main\AndroidManifest.xml:26:17-73
42-->src\main\AndroidManifest.xml:26:27-70
43                <category android:name="android.intent.category.DEFAULT" />
43-->src\main\AndroidManifest.xml:27:17-76
43-->src\main\AndroidManifest.xml:27:27-73
44            </intent-filter>
45        </activity>
46
47        <service
47-->src\main\AndroidManifest.xml:31:9-35:56
48            android:name="com.skyprotect.tabletlock.KioskService"
48-->src\main\AndroidManifest.xml:32:13-41
49            android:enabled="true"
49-->src\main\AndroidManifest.xml:33:13-35
50            android:exported="false"
50-->src\main\AndroidManifest.xml:34:13-37
51            android:foregroundServiceType="dataSync" />
51-->src\main\AndroidManifest.xml:35:13-53
52
53        <receiver
53-->src\main\AndroidManifest.xml:37:9-49:20
54            android:name="com.skyprotect.tabletlock.AdminReceiver"
54-->src\main\AndroidManifest.xml:38:13-42
55            android:description="@string/device_admin_description"
55-->src\main\AndroidManifest.xml:39:13-67
56            android:exported="true"
56-->src\main\AndroidManifest.xml:42:13-36
57            android:label="Tablet Lock Admin"
57-->src\main\AndroidManifest.xml:40:13-46
58            android:permission="android.permission.BIND_DEVICE_ADMIN" >
58-->src\main\AndroidManifest.xml:41:13-70
59            <meta-data
59-->src\main\AndroidManifest.xml:43:13-45:65
60                android:name="android.app.device_admin"
60-->src\main\AndroidManifest.xml:44:17-56
61                android:resource="@xml/device_admin_receiver" />
61-->src\main\AndroidManifest.xml:45:17-62
62
63            <intent-filter>
63-->src\main\AndroidManifest.xml:46:13-48:29
64                <action android:name="android.app.action.DEVICE_ADMIN_ENABLED" />
64-->src\main\AndroidManifest.xml:47:17-82
64-->src\main\AndroidManifest.xml:47:25-79
65            </intent-filter>
66        </receiver>
67        <receiver
67-->src\main\AndroidManifest.xml:51:9-58:20
68            android:name="com.skyprotect.tabletlock.BootReceiver"
68-->src\main\AndroidManifest.xml:52:13-41
69            android:enabled="true"
69-->src\main\AndroidManifest.xml:53:13-35
70            android:exported="true" >
70-->src\main\AndroidManifest.xml:54:13-36
71            <intent-filter>
71-->src\main\AndroidManifest.xml:55:13-57:29
72                <action android:name="android.intent.action.BOOT_COMPLETED" />
72-->src\main\AndroidManifest.xml:56:17-79
72-->src\main\AndroidManifest.xml:56:25-76
73            </intent-filter>
74        </receiver>
75
76        <provider
76-->[androidx.emoji2:emoji2:1.2.0] AndroidManifest.xml:24:9-32:20
77            android:name="androidx.startup.InitializationProvider"
77-->[androidx.emoji2:emoji2:1.2.0] AndroidManifest.xml:25:13-67
78            android:authorities="com.skyprotect.tabletlock.androidx-startup"
78-->[androidx.emoji2:emoji2:1.2.0] AndroidManifest.xml:26:13-68
79            android:exported="false" >
79-->[androidx.emoji2:emoji2:1.2.0] AndroidManifest.xml:27:13-37
80            <meta-data
80-->[androidx.emoji2:emoji2:1.2.0] AndroidManifest.xml:29:13-31:52
81                android:name="androidx.emoji2.text.EmojiCompatInitializer"
81-->[androidx.emoji2:emoji2:1.2.0] AndroidManifest.xml:30:17-75
82                android:value="androidx.startup" />
82-->[androidx.emoji2:emoji2:1.2.0] AndroidManifest.xml:31:17-49
83            <meta-data
83-->[androidx.lifecycle:lifecycle-process:2.4.1] AndroidManifest.xml:31:13-33:52
84                android:name="androidx.lifecycle.ProcessLifecycleInitializer"
84-->[androidx.lifecycle:lifecycle-process:2.4.1] AndroidManifest.xml:32:17-78
85                android:value="androidx.startup" />
85-->[androidx.lifecycle:lifecycle-process:2.4.1] AndroidManifest.xml:33:17-49
86        </provider>
87    </application>
88
89</manifest>